<?xml version="1.0" encoding="UTF-8"?>
<!-- Generated by org.testng.reporters.JUnitReportReporter -->
<testsuite hostname="DESKTOP-2F3S0DP" failures="0" tests="2" name="variousConcepts.TestNG" time="10.229" errors="0" timestamp="2022-06-25T10:51:43 CDT" skipped="0">
  <testcase classname="variousConcepts.TestNG" name="loginTest" time="2.007"/>
  <system-out/>
  <testcase classname="variousConcepts.TestNG" name="addCustomer" time="8.222"/>
  <system-out/>
</testsuite> <!-- variousConcepts.TestNG -->
